Copyright 1986-2020 Xilinx, Inc. All Rights Reserved.
--------------------------------------------------------------------------------------------------------------------------------------------------------------------------------------------------------------------
| Tool Version : Vivado v.2020.2 (win64) Build 3064766 Wed Nov 18 09:12:45 MST 2020
| Date         : Fri Nov 19 16:18:44 2021
| Host         : DellvanZander running 64-bit major release  (build 9200)
| Command      : report_timing_summary -max_paths 10 -file calc_core_board_timing_summary_routed.rpt -pb calc_core_board_timing_summary_routed.pb -rpx calc_core_board_timing_summary_routed.rpx -warn_on_violation
| Design       : calc_core_board
| Device       : 7a35t-cpg236
| Speed File   : -1  PRODUCTION 1.23 2018-06-13
--------------------------------------------------------------------------------------------------------------------------------------------------------------------------------------------------------------------

Timing Summary Report

------------------------------------------------------------------------------------------------
| Timer Settings
| --------------
------------------------------------------------------------------------------------------------

  Enable Multi Corner Analysis               :  Yes
  Enable Pessimism Removal                   :  Yes
  Pessimism Removal Resolution               :  Nearest Common Node
  Enable Input Delay Default Clock           :  No
  Enable Preset / Clear Arcs                 :  No
  Disable Flight Delays                      :  No
  Ignore I/O Paths                           :  No
  Timing Early Launch at Borrowing Latches   :  No
  Borrow Time for Max Delay Exceptions       :  Yes
  Merge Timing Exceptions                    :  Yes

  Corner  Analyze    Analyze    
  Name    Max Paths  Min Paths  
  ------  ---------  ---------  
  Slow    Yes        Yes        
  Fast    Yes        Yes        



check_timing report

Table of Contents
-----------------
1. checking no_clock (0)
2. checking constant_clock (0)
3. checking pulse_width_clock (0)
4. checking unconstrained_internal_endpoints (0)
5. checking no_input_delay (6)
6. checking no_output_delay (6)
7. checking multiple_clock (0)
8. checking generated_clocks (0)
9. checking loops (0)
10. checking partial_input_delay (0)
11. checking partial_output_delay (0)
12. checking latch_loops (0)

1. checking no_clock (0)
------------------------
 There are 0 register/latch pins with no clock.


2. checking constant_clock (0)
------------------------------
 There are 0 register/latch pins with constant_clock.


3. checking pulse_width_clock (0)
---------------------------------
 There are 0 register/latch pins which need pulse_width check


4. checking unconstrained_internal_endpoints (0)
------------------------------------------------
 There are 0 pins that are not constrained for maximum delay.

 There are 0 pins that are not constrained for maximum delay due to constant clock.


5. checking no_input_delay (6)
------------------------------
 There are 6 input ports with no input delay specified. (HIGH)

 There are 0 input ports with no input delay but user has a false path constraint.


6. checking no_output_delay (6)
-------------------------------
 There are 6 ports with no output delay specified. (HIGH)

 There are 0 ports with no output delay but user has a false path constraint

 There are 0 ports with no output delay but with a timing clock defined on it or propagating through it


7. checking multiple_clock (0)
------------------------------
 There are 0 register/latch pins with multiple clocks.


8. checking generated_clocks (0)
--------------------------------
 There are 0 generated clocks that are not connected to a clock source.


9. checking loops (0)
---------------------
 There are 0 combinational loops in the design.


10. checking partial_input_delay (0)
------------------------------------
 There are 0 input ports with partial input delay specified.


11. checking partial_output_delay (0)
-------------------------------------
 There are 0 ports with partial output delay specified.


12. checking latch_loops (0)
----------------------------
 There are 0 combinational latch loops in the design through latch input



------------------------------------------------------------------------------------------------
| Design Timing Summary
| ---------------------
------------------------------------------------------------------------------------------------

    WNS(ns)      TNS(ns)  TNS Failing Endpoints  TNS Total Endpoints      WHS(ns)      THS(ns)  THS Failing Endpoints  THS Total Endpoints     WPWS(ns)     TPWS(ns)  TPWS Failing Endpoints  TPWS Total Endpoints  
    -------      -------  ---------------------  -------------------      -------      -------  ---------------------  -------------------     --------     --------  ----------------------  --------------------  
      6.834        0.000                      0                   40        0.206        0.000                      0                   40        4.500        0.000                       0                    23  


All user specified timing constraints are met.


------------------------------------------------------------------------------------------------
| Clock Summary
| -------------
------------------------------------------------------------------------------------------------

Clock        Waveform(ns)       Period(ns)      Frequency(MHz)
-----        ------------       ----------      --------------
sys_clk_pin  {0.000 5.000}      10.000          100.000         


------------------------------------------------------------------------------------------------
| Intra Clock Table
| -----------------
------------------------------------------------------------------------------------------------

Clock             WNS(ns)      TNS(ns)  TNS Failing Endpoints  TNS Total Endpoints      WHS(ns)      THS(ns)  THS Failing Endpoints  THS Total Endpoints     WPWS(ns)     TPWS(ns)  TPWS Failing Endpoints  TPWS Total Endpoints  
-----             -------      -------  ---------------------  -------------------      -------      -------  ---------------------  -------------------     --------     --------  ----------------------  --------------------  
sys_clk_pin         6.834        0.000                      0                   40        0.206        0.000                      0                   40        4.500        0.000                       0                    23  


------------------------------------------------------------------------------------------------
| Inter Clock Table
| -----------------
------------------------------------------------------------------------------------------------

From Clock    To Clock          WNS(ns)      TNS(ns)  TNS Failing Endpoints  TNS Total Endpoints      WHS(ns)      THS(ns)  THS Failing Endpoints  THS Total Endpoints  
----------    --------          -------      -------  ---------------------  -------------------      -------      -------  ---------------------  -------------------  


------------------------------------------------------------------------------------------------
| Other Path Groups Table
| -----------------------
------------------------------------------------------------------------------------------------

Path Group    From Clock    To Clock          WNS(ns)      TNS(ns)  TNS Failing Endpoints  TNS Total Endpoints      WHS(ns)      THS(ns)  THS Failing Endpoints  THS Total Endpoints  
----------    ----------    --------          -------      -------  ---------------------  -------------------      -------      -------  ---------------------  -------------------  


------------------------------------------------------------------------------------------------
| Timing Details
| --------------
------------------------------------------------------------------------------------------------


---------------------------------------------------------------------------------------------------
From Clock:  sys_clk_pin
  To Clock:  sys_clk_pin

Setup :            0  Failing Endpoints,  Worst Slack        6.834ns,  Total Violation        0.000ns
Hold  :            0  Failing Endpoints,  Worst Slack        0.206ns,  Total Violation        0.000ns
PW    :            0  Failing Endpoints,  Worst Slack        4.500ns,  Total Violation        0.000ns
---------------------------------------------------------------------------------------------------


Max Delay Paths
--------------------------------------------------------------------------------------
Slack (MET) :             6.834ns  (required time - arrival time)
  Source:                 DATAPATH/REG2/internal_value_reg[1]/C
                            (rising edge-triggered cell FDCE clocked by sys_clk_pin  {rise@0.000ns fall@5.000ns period=10.000ns})
  Destination:            DATAPATH/REG3/internal_value_reg[3]/D
                            (rising edge-triggered cell FDCE clocked by sys_clk_pin  {rise@0.000ns fall@5.000ns period=10.000ns})
  Path Group:             sys_clk_pin
  Path Type:              Setup (Max at Slow Process Corner)
  Requirement:            10.000ns  (sys_clk_pin rise@10.000ns - sys_clk_pin rise@0.000ns)
  Data Path Delay:        3.133ns  (logic 0.890ns (28.404%)  route 2.243ns (71.596%))
  Logic Levels:           3  (LUT4=1 LUT5=1 LUT6=1)
  Clock Path Skew:        -0.026ns (DCD - SCD + CPR)
    Destination Clock Delay (DCD):    4.854ns = ( 14.854 - 10.000 ) 
    Source Clock Delay      (SCD):    5.153ns
    Clock Pessimism Removal (CPR):    0.273ns
  Clock Uncertainty:      0.035ns  ((TSJ^2 + TIJ^2)^1/2 + DJ) / 2 + PE
    Total System Jitter     (TSJ):    0.071ns
    Total Input Jitter      (TIJ):    0.000ns
    Discrete Jitter          (DJ):    0.000ns
    Phase Error              (PE):    0.000ns

    Location             Delay type                Incr(ns)  Path(ns)    Netlist Resource(s)
  -------------------------------------------------------------------    -------------------
                         (clock sys_clk_pin rise edge)
                                                      0.000     0.000 r  
    W5                                                0.000     0.000 r  clk (IN)
                         net (fo=0)                   0.000     0.000    clk
    W5                   IBUF (Prop_ibuf_I_O)         1.458     1.458 r  clk_IBUF_inst/O
                         net (fo=1, routed)           1.967     3.425    clk_IBUF
    BUFGCTRL_X0Y0        BUFG (Prop_bufg_I_O)         0.096     3.521 r  clk_IBUF_BUFG_inst/O
                         net (fo=22, routed)          1.632     5.153    DATAPATH/REG2/CLK
    SLICE_X6Y11          FDCE                                         r  DATAPATH/REG2/internal_value_reg[1]/C
  -------------------------------------------------------------------    -------------------
    SLICE_X6Y11          FDCE (Prop_fdce_C_Q)         0.518     5.671 f  DATAPATH/REG2/internal_value_reg[1]/Q
                         net (fo=11, routed)          0.985     6.656    DATAPATH/REG2/internal_value_reg[2]_0[1]
    SLICE_X7Y12          LUT4 (Prop_lut4_I0_O)        0.124     6.780 r  DATAPATH/REG2/internal_value[5]_i_3/O
                         net (fo=2, routed)           0.593     7.374    DATAPATH/REG2/internal_value[5]_i_3_n_0
    SLICE_X5Y12          LUT5 (Prop_lut5_I3_O)        0.124     7.498 f  DATAPATH/REG2/internal_value[3]_i_4/O
                         net (fo=1, routed)           0.665     8.163    DATAPATH/REG2/internal_value[3]_i_4_n_0
    SLICE_X5Y12          LUT6 (Prop_lut6_I5_O)        0.124     8.287 r  DATAPATH/REG2/internal_value[3]_i_1/O
                         net (fo=1, routed)           0.000     8.287    DATAPATH/REG3/D[3]
    SLICE_X5Y12          FDCE                                         r  DATAPATH/REG3/internal_value_reg[3]/D
  -------------------------------------------------------------------    -------------------

                         (clock sys_clk_pin rise edge)
                                                     10.000    10.000 r  
    W5                                                0.000    10.000 r  clk (IN)
                         net (fo=0)                   0.000    10.000    clk
    W5                   IBUF (Prop_ibuf_I_O)         1.388    11.388 r  clk_IBUF_inst/O
                         net (fo=1, routed)           1.862    13.250    clk_IBUF
    BUFGCTRL_X0Y0        BUFG (Prop_bufg_I_O)         0.091    13.341 r  clk_IBUF_BUFG_inst/O
                         net (fo=22, routed)          1.513    14.854    DATAPATH/REG3/CLK
    SLICE_X5Y12          FDCE                                         r  DATAPATH/REG3/internal_value_reg[3]/C
                         clock pessimism              0.273    15.127    
                         clock uncertainty           -0.035    15.092    
    SLICE_X5Y12          FDCE (Setup_fdce_C_D)        0.029    15.121    DATAPATH/REG3/internal_value_reg[3]
  -------------------------------------------------------------------
                         required time                         15.121    
                         arrival time                          -8.287    
  -------------------------------------------------------------------
                         slack                                  6.834    

Slack (MET) :             6.902ns  (required time - arrival time)
  Source:                 DATAPATH/REG1/internal_value_reg[1]/C
                            (rising edge-triggered cell FDCE clocked by sys_clk_pin  {rise@0.000ns fall@5.000ns period=10.000ns})
  Destination:            DATAPATH/REG3/internal_value_reg[2]/D
                            (rising edge-triggered cell FDCE clocked by sys_clk_pin  {rise@0.000ns fall@5.000ns period=10.000ns})
  Path Group:             sys_clk_pin
  Path Type:              Setup (Max at Slow Process Corner)
  Requirement:            10.000ns  (sys_clk_pin rise@10.000ns - sys_clk_pin rise@0.000ns)
  Data Path Delay:        3.114ns  (logic 0.828ns (26.588%)  route 2.286ns (73.412%))
  Logic Levels:           3  (LUT4=1 LUT5=1 LUT6=1)
  Clock Path Skew:        -0.026ns (DCD - SCD + CPR)
    Destination Clock Delay (DCD):    4.854ns = ( 14.854 - 10.000 ) 
    Source Clock Delay      (SCD):    5.153ns
    Clock Pessimism Removal (CPR):    0.273ns
  Clock Uncertainty:      0.035ns  ((TSJ^2 + TIJ^2)^1/2 + DJ) / 2 + PE
    Total System Jitter     (TSJ):    0.071ns
    Total Input Jitter      (TIJ):    0.000ns
    Discrete Jitter          (DJ):    0.000ns
    Phase Error              (PE):    0.000ns

    Location             Delay type                Incr(ns)  Path(ns)    Netlist Resource(s)
  -------------------------------------------------------------------    -------------------
                         (clock sys_clk_pin rise edge)
                                                      0.000     0.000 r  
    W5                                                0.000     0.000 r  clk (IN)
                         net (fo=0)                   0.000     0.000    clk
    W5                   IBUF (Prop_ibuf_I_O)         1.458     1.458 r  clk_IBUF_inst/O
                         net (fo=1, routed)           1.967     3.425    clk_IBUF
    BUFGCTRL_X0Y0        BUFG (Prop_bufg_I_O)         0.096     3.521 r  clk_IBUF_BUFG_inst/O
                         net (fo=22, routed)          1.632     5.153    DATAPATH/REG1/CLK
    SLICE_X4Y11          FDCE                                         r  DATAPATH/REG1/internal_value_reg[1]/C
  -------------------------------------------------------------------    -------------------
    SLICE_X4Y11          FDCE (Prop_fdce_C_Q)         0.456     5.609 r  DATAPATH/REG1/internal_value_reg[1]/Q
                         net (fo=11, routed)          1.123     6.733    DATAPATH/REG2/Q[1]
    SLICE_X7Y12          LUT4 (Prop_lut4_I3_O)        0.124     6.857 r  DATAPATH/REG2/internal_value[2]_i_3/O
                         net (fo=1, routed)           0.666     7.523    DATAPATH/REG2/internal_value[2]_i_3_n_0
    SLICE_X6Y12          LUT5 (Prop_lut5_I0_O)        0.124     7.647 r  DATAPATH/REG2/internal_value[2]_i_2/O
                         net (fo=1, routed)           0.496     8.143    DATAPATH/REG2/internal_value[2]_i_2_n_0
    SLICE_X6Y12          LUT6 (Prop_lut6_I5_O)        0.124     8.267 r  DATAPATH/REG2/internal_value[2]_i_1/O
                         net (fo=1, routed)           0.000     8.267    DATAPATH/REG3/D[2]
    SLICE_X6Y12          FDCE                                         r  DATAPATH/REG3/internal_value_reg[2]/D
  -------------------------------------------------------------------    -------------------

                         (clock sys_clk_pin rise edge)
                                                     10.000    10.000 r  
    W5                                                0.000    10.000 r  clk (IN)
                         net (fo=0)                   0.000    10.000    clk
    W5                   IBUF (Prop_ibuf_I_O)         1.388    11.388 r  clk_IBUF_inst/O
                         net (fo=1, routed)           1.862    13.250    clk_IBUF
    BUFGCTRL_X0Y0        BUFG (Prop_bufg_I_O)         0.091    13.341 r  clk_IBUF_BUFG_inst/O
                         net (fo=22, routed)          1.513    14.854    DATAPATH/REG3/CLK
    SLICE_X6Y12          FDCE                                         r  DATAPATH/REG3/internal_value_reg[2]/C
                         clock pessimism              0.273    15.127    
                         clock uncertainty           -0.035    15.092    
    SLICE_X6Y12          FDCE (Setup_fdce_C_D)        0.077    15.169    DATAPATH/REG3/internal_value_reg[2]
  -------------------------------------------------------------------
                         required time                         15.169    
                         arrival time                          -8.267    
  -------------------------------------------------------------------
                         slack                                  6.902    

Slack (MET) :             7.079ns  (required time - arrival time)
  Source:                 CONTROLLER/state_reg[3]/C
                            (rising edge-triggered cell FDCE clocked by sys_clk_pin  {rise@0.000ns fall@5.000ns period=10.000ns})
  Destination:            DATAPATH/REG3/internal_value_reg[4]/D
                            (rising edge-triggered cell FDCE clocked by sys_clk_pin  {rise@0.000ns fall@5.000ns period=10.000ns})
  Path Group:             sys_clk_pin
  Path Type:              Setup (Max at Slow Process Corner)
  Requirement:            10.000ns  (sys_clk_pin rise@10.000ns - sys_clk_pin rise@0.000ns)
  Data Path Delay:        2.873ns  (logic 0.839ns (29.207%)  route 2.034ns (70.793%))
  Logic Levels:           2  (LUT2=1 LUT6=1)
  Clock Path Skew:        -0.042ns (DCD - SCD + CPR)
    Destination Clock Delay (DCD):    4.855ns = ( 14.855 - 10.000 ) 
    Source Clock Delay      (SCD):    5.157ns
    Clock Pessimism Removal (CPR):    0.260ns
  Clock Uncertainty:      0.035ns  ((TSJ^2 + TIJ^2)^1/2 + DJ) / 2 + PE
    Total System Jitter     (TSJ):    0.071ns
    Total Input Jitter      (TIJ):    0.000ns
    Discrete Jitter          (DJ):    0.000ns
    Phase Error              (PE):    0.000ns

    Location             Delay type                Incr(ns)  Path(ns)    Netlist Resource(s)
  -------------------------------------------------------------------    -------------------
                         (clock sys_clk_pin rise edge)
                                                      0.000     0.000 r  
    W5                                                0.000     0.000 r  clk (IN)
                         net (fo=0)                   0.000     0.000    clk
    W5                   IBUF (Prop_ibuf_I_O)         1.458     1.458 r  clk_IBUF_inst/O
                         net (fo=1, routed)           1.967     3.425    clk_IBUF
    BUFGCTRL_X0Y0        BUFG (Prop_bufg_I_O)         0.096     3.521 r  clk_IBUF_BUFG_inst/O
                         net (fo=22, routed)          1.636     5.157    CONTROLLER/CLK
    SLICE_X3Y10          FDCE                                         r  CONTROLLER/state_reg[3]/C
  -------------------------------------------------------------------    -------------------
    SLICE_X3Y10          FDCE (Prop_fdce_C_Q)         0.419     5.576 r  CONTROLLER/state_reg[3]/Q
                         net (fo=17, routed)          1.212     6.788    CONTROLLER/Q[2]
    SLICE_X6Y11          LUT2 (Prop_lut2_I1_O)        0.296     7.084 r  CONTROLLER/internal_value[5]_i_4/O
                         net (fo=5, routed)           0.822     7.906    DATAPATH/REG2/internal_value_reg[5]
    SLICE_X5Y11          LUT6 (Prop_lut6_I1_O)        0.124     8.030 r  DATAPATH/REG2/internal_value[4]_i_1/O
                         net (fo=1, routed)           0.000     8.030    DATAPATH/REG3/D[4]
    SLICE_X5Y11          FDCE                                         r  DATAPATH/REG3/internal_value_reg[4]/D
  -------------------------------------------------------------------    -------------------

                         (clock sys_clk_pin rise edge)
                                                     10.000    10.000 r  
    W5                                                0.000    10.000 r  clk (IN)
                         net (fo=0)                   0.000    10.000    clk
    W5                   IBUF (Prop_ibuf_I_O)         1.388    11.388 r  clk_IBUF_inst/O
                         net (fo=1, routed)           1.862    13.250    clk_IBUF
    BUFGCTRL_X0Y0        BUFG (Prop_bufg_I_O)         0.091    13.341 r  clk_IBUF_BUFG_inst/O
                         net (fo=22, routed)          1.514    14.855    DATAPATH/REG3/CLK
    SLICE_X5Y11          FDCE                                         r  DATAPATH/REG3/internal_value_reg[4]/C
                         clock pessimism              0.260    15.115    
                         clock uncertainty           -0.035    15.080    
    SLICE_X5Y11          FDCE (Setup_fdce_C_D)        0.029    15.109    DATAPATH/REG3/internal_value_reg[4]
  -------------------------------------------------------------------
                         required time                         15.109    
                         arrival time                          -8.030    
  -------------------------------------------------------------------
                         slack                                  7.079    

Slack (MET) :             7.090ns  (required time - arrival time)
  Source:                 CONTROLLER/state_reg[3]/C
                            (rising edge-triggered cell FDCE clocked by sys_clk_pin  {rise@0.000ns fall@5.000ns period=10.000ns})
  Destination:            DATAPATH/REG3/internal_value_reg[5]/D
                            (rising edge-triggered cell FDCE clocked by sys_clk_pin  {rise@0.000ns fall@5.000ns period=10.000ns})
  Path Group:             sys_clk_pin
  Path Type:              Setup (Max at Slow Process Corner)
  Requirement:            10.000ns  (sys_clk_pin rise@10.000ns - sys_clk_pin rise@0.000ns)
  Data Path Delay:        2.863ns  (logic 0.839ns (29.309%)  route 2.024ns (70.691%))
  Logic Levels:           2  (LUT2=1 LUT6=1)
  Clock Path Skew:        -0.043ns (DCD - SCD + CPR)
    Destination Clock Delay (DCD):    4.854ns = ( 14.854 - 10.000 ) 
    Source Clock Delay      (SCD):    5.157ns
    Clock Pessimism Removal (CPR):    0.260ns
  Clock Uncertainty:      0.035ns  ((TSJ^2 + TIJ^2)^1/2 + DJ) / 2 + PE
    Total System Jitter     (TSJ):    0.071ns
    Total Input Jitter      (TIJ):    0.000ns
    Discrete Jitter          (DJ):    0.000ns
    Phase Error              (PE):    0.000ns

    Location             Delay type                Incr(ns)  Path(ns)    Netlist Resource(s)
  -------------------------------------------------------------------    -------------------
                         (clock sys_clk_pin rise edge)
                                                      0.000     0.000 r  
    W5                                                0.000     0.000 r  clk (IN)
                         net (fo=0)                   0.000     0.000    clk
    W5                   IBUF (Prop_ibuf_I_O)         1.458     1.458 r  clk_IBUF_inst/O
                         net (fo=1, routed)           1.967     3.425    clk_IBUF
    BUFGCTRL_X0Y0        BUFG (Prop_bufg_I_O)         0.096     3.521 r  clk_IBUF_BUFG_inst/O
                         net (fo=22, routed)          1.636     5.157    CONTROLLER/CLK
    SLICE_X3Y10          FDCE                                         r  CONTROLLER/state_reg[3]/C
  -------------------------------------------------------------------    -------------------
    SLICE_X3Y10          FDCE (Prop_fdce_C_Q)         0.419     5.576 r  CONTROLLER/state_reg[3]/Q
                         net (fo=17, routed)          1.212     6.788    CONTROLLER/Q[2]
    SLICE_X6Y11          LUT2 (Prop_lut2_I1_O)        0.296     7.084 r  CONTROLLER/internal_value[5]_i_4/O
                         net (fo=5, routed)           0.812     7.896    DATAPATH/REG2/internal_value_reg[5]
    SLICE_X5Y12          LUT6 (Prop_lut6_I3_O)        0.124     8.020 r  DATAPATH/REG2/internal_value[5]_i_2/O
                         net (fo=1, routed)           0.000     8.020    DATAPATH/REG3/D[5]
    SLICE_X5Y12          FDCE                                         r  DATAPATH/REG3/internal_value_reg[5]/D
  -------------------------------------------------------------------    -------------------

                         (clock sys_clk_pin rise edge)
                                                     10.000    10.000 r  
    W5                                                0.000    10.000 r  clk (IN)
                         net (fo=0)                   0.000    10.000    clk
    W5                   IBUF (Prop_ibuf_I_O)         1.388    11.388 r  clk_IBUF_inst/O
                         net (fo=1, routed)           1.862    13.250    clk_IBUF
    BUFGCTRL_X0Y0        BUFG (Prop_bufg_I_O)         0.091    13.341 r  clk_IBUF_BUFG_inst/O
                         net (fo=22, routed)          1.513    14.854    DATAPATH/REG3/CLK
    SLICE_X5Y12          FDCE                                         r  DATAPATH/REG3/internal_value_reg[5]/C
                         clock pessimism              0.260    15.114    
                         clock uncertainty           -0.035    15.079    
    SLICE_X5Y12          FDCE (Setup_fdce_C_D)        0.031    15.110    DATAPATH/REG3/internal_value_reg[5]
  -------------------------------------------------------------------
                         required time                         15.110    
                         arrival time                          -8.020    
  -------------------------------------------------------------------
                         slack                                  7.090    

Slack (MET) :             7.095ns  (required time - arrival time)
  Source:                 CONTROLLER/state_reg[3]/C
                            (rising edge-triggered cell FDCE clocked by sys_clk_pin  {rise@0.000ns fall@5.000ns period=10.000ns})
  Destination:            DATAPATH/BCD_COUNTER/internal_counter_reg[0]/CE
                            (rising edge-triggered cell FDCE clocked by sys_clk_pin  {rise@0.000ns fall@5.000ns period=10.000ns})
  Path Group:             sys_clk_pin
  Path Type:              Setup (Max at Slow Process Corner)
  Requirement:            10.000ns  (sys_clk_pin rise@10.000ns - sys_clk_pin rise@0.000ns)
  Data Path Delay:        2.420ns  (logic 0.741ns (30.619%)  route 1.679ns (69.381%))
  Logic Levels:           1  (LUT2=1)
  Clock Path Skew:        -0.041ns (DCD - SCD + CPR)
    Destination Clock Delay (DCD):    4.856ns = ( 14.856 - 10.000 ) 
    Source Clock Delay      (SCD):    5.157ns
    Clock Pessimism Removal (CPR):    0.260ns
  Clock Uncertainty:      0.035ns  ((TSJ^2 + TIJ^2)^1/2 + DJ) / 2 + PE
    Total System Jitter     (TSJ):    0.071ns
    Total Input Jitter      (TIJ):    0.000ns
    Discrete Jitter          (DJ):    0.000ns
    Phase Error              (PE):    0.000ns

    Location             Delay type                Incr(ns)  Path(ns)    Netlist Resource(s)
  -------------------------------------------------------------------    -------------------
                         (clock sys_clk_pin rise edge)
                                                      0.000     0.000 r  
    W5                                                0.000     0.000 r  clk (IN)
                         net (fo=0)                   0.000     0.000    clk
    W5                   IBUF (Prop_ibuf_I_O)         1.458     1.458 r  clk_IBUF_inst/O
                         net (fo=1, routed)           1.967     3.425    clk_IBUF
    BUFGCTRL_X0Y0        BUFG (Prop_bufg_I_O)         0.096     3.521 r  clk_IBUF_BUFG_inst/O
                         net (fo=22, routed)          1.636     5.157    CONTROLLER/CLK
    SLICE_X3Y10          FDCE                                         r  CONTROLLER/state_reg[3]/C
  -------------------------------------------------------------------    -------------------
    SLICE_X3Y10          FDCE (Prop_fdce_C_Q)         0.419     5.576 f  CONTROLLER/state_reg[3]/Q
                         net (fo=17, routed)          1.212     6.788    CONTROLLER/Q[2]
    SLICE_X6Y11          LUT2 (Prop_lut2_I1_O)        0.322     7.110 r  CONTROLLER/internal_counter[3]_i_1/O
                         net (fo=4, routed)           0.467     7.577    DATAPATH/BCD_COUNTER/E[0]
    SLICE_X5Y10          FDCE                                         r  DATAPATH/BCD_COUNTER/internal_counter_reg[0]/CE
  -------------------------------------------------------------------    -------------------

                         (clock sys_clk_pin rise edge)
                                                     10.000    10.000 r  
    W5                                                0.000    10.000 r  clk (IN)
                         net (fo=0)                   0.000    10.000    clk
    W5                   IBUF (Prop_ibuf_I_O)         1.388    11.388 r  clk_IBUF_inst/O
                         net (fo=1, routed)           1.862    13.250    clk_IBUF
    BUFGCTRL_X0Y0        BUFG (Prop_bufg_I_O)         0.091    13.341 r  clk_IBUF_BUFG_inst/O
                         net (fo=22, routed)          1.515    14.856    DATAPATH/BCD_COUNTER/CLK
    SLICE_X5Y10          FDCE                                         r  DATAPATH/BCD_COUNTER/internal_counter_reg[0]/C
                         clock pessimism              0.260    15.116    
                         clock uncertainty           -0.035    15.081    
    SLICE_X5Y10          FDCE (Setup_fdce_C_CE)      -0.409    14.672    DATAPATH/BCD_COUNTER/internal_counter_reg[0]
  -------------------------------------------------------------------
                         required time                         14.672    
                         arrival time                          -7.577    
  -------------------------------------------------------------------
                         slack                                  7.095    

Slack (MET) :             7.095ns  (required time - arrival time)
  Source:                 CONTROLLER/state_reg[3]/C
                            (rising edge-triggered cell FDCE clocked by sys_clk_pin  {rise@0.000ns fall@5.000ns period=10.000ns})
  Destination:            DATAPATH/BCD_COUNTER/internal_counter_reg[1]/CE
                            (rising edge-triggered cell FDCE clocked by sys_clk_pin  {rise@0.000ns fall@5.000ns period=10.000ns})
  Path Group:             sys_clk_pin
  Path Type:              Setup (Max at Slow Process Corner)
  Requirement:            10.000ns  (sys_clk_pin rise@10.000ns - sys_clk_pin rise@0.000ns)
  Data Path Delay:        2.420ns  (logic 0.741ns (30.619%)  route 1.679ns (69.381%))
  Logic Levels:           1  (LUT2=1)
  Clock Path Skew:        -0.041ns (DCD - SCD + CPR)
    Destination Clock Delay (DCD):    4.856ns = ( 14.856 - 10.000 ) 
    Source Clock Delay      (SCD):    5.157ns
    Clock Pessimism Removal (CPR):    0.260ns
  Clock Uncertainty:      0.035ns  ((TSJ^2 + TIJ^2)^1/2 + DJ) / 2 + PE
    Total System Jitter     (TSJ):    0.071ns
    Total Input Jitter      (TIJ):    0.000ns
    Discrete Jitter          (DJ):    0.000ns
    Phase Error              (PE):    0.000ns

    Location             Delay type                Incr(ns)  Path(ns)    Netlist Resource(s)
  -------------------------------------------------------------------    -------------------
                         (clock sys_clk_pin rise edge)
                                                      0.000     0.000 r  
    W5                                                0.000     0.000 r  clk (IN)
                         net (fo=0)                   0.000     0.000    clk
    W5                   IBUF (Prop_ibuf_I_O)         1.458     1.458 r  clk_IBUF_inst/O
                         net (fo=1, routed)           1.967     3.425    clk_IBUF
    BUFGCTRL_X0Y0        BUFG (Prop_bufg_I_O)         0.096     3.521 r  clk_IBUF_BUFG_inst/O
                         net (fo=22, routed)          1.636     5.157    CONTROLLER/CLK
    SLICE_X3Y10          FDCE                                         r  CONTROLLER/state_reg[3]/C
  -------------------------------------------------------------------    -------------------
    SLICE_X3Y10          FDCE (Prop_fdce_C_Q)         0.419     5.576 f  CONTROLLER/state_reg[3]/Q
                         net (fo=17, routed)          1.212     6.788    CONTROLLER/Q[2]
    SLICE_X6Y11          LUT2 (Prop_lut2_I1_O)        0.322     7.110 r  CONTROLLER/internal_counter[3]_i_1/O
                         net (fo=4, routed)           0.467     7.577    DATAPATH/BCD_COUNTER/E[0]
    SLICE_X5Y10          FDCE                                         r  DATAPATH/BCD_COUNTER/internal_counter_reg[1]/CE
  -------------------------------------------------------------------    -------------------

                         (clock sys_clk_pin rise edge)
                                                     10.000    10.000 r  
    W5                                                0.000    10.000 r  clk (IN)
                         net (fo=0)                   0.000    10.000    clk
    W5                   IBUF (Prop_ibuf_I_O)         1.388    11.388 r  clk_IBUF_inst/O
                         net (fo=1, routed)           1.862    13.250    clk_IBUF
    BUFGCTRL_X0Y0        BUFG (Prop_bufg_I_O)         0.091    13.341 r  clk_IBUF_BUFG_inst/O
                         net (fo=22, routed)          1.515    14.856    DATAPATH/BCD_COUNTER/CLK
    SLICE_X5Y10          FDCE                                         r  DATAPATH/BCD_COUNTER/internal_counter_reg[1]/C
                         clock pessimism              0.260    15.116    
                         clock uncertainty           -0.035    15.081    
    SLICE_X5Y10          FDCE (Setup_fdce_C_CE)      -0.409    14.672    DATAPATH/BCD_COUNTER/internal_counter_reg[1]
  -------------------------------------------------------------------
                         required time                         14.672    
                         arrival time                          -7.577    
  -------------------------------------------------------------------
                         slack                                  7.095    

Slack (MET) :             7.095ns  (required time - arrival time)
  Source:                 CONTROLLER/state_reg[3]/C
                            (rising edge-triggered cell FDCE clocked by sys_clk_pin  {rise@0.000ns fall@5.000ns period=10.000ns})
  Destination:            DATAPATH/BCD_COUNTER/internal_counter_reg[2]/CE
                            (rising edge-triggered cell FDCE clocked by sys_clk_pin  {rise@0.000ns fall@5.000ns period=10.000ns})
  Path Group:             sys_clk_pin
  Path Type:              Setup (Max at Slow Process Corner)
  Requirement:            10.000ns  (sys_clk_pin rise@10.000ns - sys_clk_pin rise@0.000ns)
  Data Path Delay:        2.420ns  (logic 0.741ns (30.619%)  route 1.679ns (69.381%))
  Logic Levels:           1  (LUT2=1)
  Clock Path Skew:        -0.041ns (DCD - SCD + CPR)
    Destination Clock Delay (DCD):    4.856ns = ( 14.856 - 10.000 ) 
    Source Clock Delay      (SCD):    5.157ns
    Clock Pessimism Removal (CPR):    0.260ns
  Clock Uncertainty:      0.035ns  ((TSJ^2 + TIJ^2)^1/2 + DJ) / 2 + PE
    Total System Jitter     (TSJ):    0.071ns
    Total Input Jitter      (TIJ):    0.000ns
    Discrete Jitter          (DJ):    0.000ns
    Phase Error              (PE):    0.000ns

    Location             Delay type                Incr(ns)  Path(ns)    Netlist Resource(s)
  -------------------------------------------------------------------    -------------------
                         (clock sys_clk_pin rise edge)
                                                      0.000     0.000 r  
    W5                                                0.000     0.000 r  clk (IN)
                         net (fo=0)                   0.000     0.000    clk
    W5                   IBUF (Prop_ibuf_I_O)         1.458     1.458 r  clk_IBUF_inst/O
                         net (fo=1, routed)           1.967     3.425    clk_IBUF
    BUFGCTRL_X0Y0        BUFG (Prop_bufg_I_O)         0.096     3.521 r  clk_IBUF_BUFG_inst/O
                         net (fo=22, routed)          1.636     5.157    CONTROLLER/CLK
    SLICE_X3Y10          FDCE                                         r  CONTROLLER/state_reg[3]/C
  -------------------------------------------------------------------    -------------------
    SLICE_X3Y10          FDCE (Prop_fdce_C_Q)         0.419     5.576 f  CONTROLLER/state_reg[3]/Q
                         net (fo=17, routed)          1.212     6.788    CONTROLLER/Q[2]
    SLICE_X6Y11          LUT2 (Prop_lut2_I1_O)        0.322     7.110 r  CONTROLLER/internal_counter[3]_i_1/O
                         net (fo=4, routed)           0.467     7.577    DATAPATH/BCD_COUNTER/E[0]
    SLICE_X5Y10          FDCE                                         r  DATAPATH/BCD_COUNTER/internal_counter_reg[2]/CE
  -------------------------------------------------------------------    -------------------

                         (clock sys_clk_pin rise edge)
                                                     10.000    10.000 r  
    W5                                                0.000    10.000 r  clk (IN)
                         net (fo=0)                   0.000    10.000    clk
    W5                   IBUF (Prop_ibuf_I_O)         1.388    11.388 r  clk_IBUF_inst/O
                         net (fo=1, routed)           1.862    13.250    clk_IBUF
    BUFGCTRL_X0Y0        BUFG (Prop_bufg_I_O)         0.091    13.341 r  clk_IBUF_BUFG_inst/O
                         net (fo=22, routed)          1.515    14.856    DATAPATH/BCD_COUNTER/CLK
    SLICE_X5Y10          FDCE                                         r  DATAPATH/BCD_COUNTER/internal_counter_reg[2]/C
                         clock pessimism              0.260    15.116    
                         clock uncertainty           -0.035    15.081    
    SLICE_X5Y10          FDCE (Setup_fdce_C_CE)      -0.409    14.672    DATAPATH/BCD_COUNTER/internal_counter_reg[2]
  -------------------------------------------------------------------
                         required time                         14.672    
                         arrival time                          -7.577    
  -------------------------------------------------------------------
                         slack                                  7.095    

Slack (MET) :             7.095ns  (required time - arrival time)
  Source:                 CONTROLLER/state_reg[3]/C
                            (rising edge-triggered cell FDCE clocked by sys_clk_pin  {rise@0.000ns fall@5.000ns period=10.000ns})
  Destination:            DATAPATH/BCD_COUNTER/internal_counter_reg[3]/CE
                            (rising edge-triggered cell FDCE clocked by sys_clk_pin  {rise@0.000ns fall@5.000ns period=10.000ns})
  Path Group:             sys_clk_pin
  Path Type:              Setup (Max at Slow Process Corner)
  Requirement:            10.000ns  (sys_clk_pin rise@10.000ns - sys_clk_pin rise@0.000ns)
  Data Path Delay:        2.420ns  (logic 0.741ns (30.619%)  route 1.679ns (69.381%))
  Logic Levels:           1  (LUT2=1)
  Clock Path Skew:        -0.041ns (DCD - SCD + CPR)
    Destination Clock Delay (DCD):    4.856ns = ( 14.856 - 10.000 ) 
    Source Clock Delay      (SCD):    5.157ns
    Clock Pessimism Removal (CPR):    0.260ns
  Clock Uncertainty:      0.035ns  ((TSJ^2 + TIJ^2)^1/2 + DJ) / 2 + PE
    Total System Jitter     (TSJ):    0.071ns
    Total Input Jitter      (TIJ):    0.000ns
    Discrete Jitter          (DJ):    0.000ns
    Phase Error              (PE):    0.000ns

    Location             Delay type                Incr(ns)  Path(ns)    Netlist Resource(s)
  -------------------------------------------------------------------    -------------------
                         (clock sys_clk_pin rise edge)
                                                      0.000     0.000 r  
    W5                                                0.000     0.000 r  clk (IN)
                         net (fo=0)                   0.000     0.000    clk
    W5                   IBUF (Prop_ibuf_I_O)         1.458     1.458 r  clk_IBUF_inst/O
                         net (fo=1, routed)           1.967     3.425    clk_IBUF
    BUFGCTRL_X0Y0        BUFG (Prop_bufg_I_O)         0.096     3.521 r  clk_IBUF_BUFG_inst/O
                         net (fo=22, routed)          1.636     5.157    CONTROLLER/CLK
    SLICE_X3Y10          FDCE                                         r  CONTROLLER/state_reg[3]/C
  -------------------------------------------------------------------    -------------------
    SLICE_X3Y10          FDCE (Prop_fdce_C_Q)         0.419     5.576 f  CONTROLLER/state_reg[3]/Q
                         net (fo=17, routed)          1.212     6.788    CONTROLLER/Q[2]
    SLICE_X6Y11          LUT2 (Prop_lut2_I1_O)        0.322     7.110 r  CONTROLLER/internal_counter[3]_i_1/O
                         net (fo=4, routed)           0.467     7.577    DATAPATH/BCD_COUNTER/E[0]
    SLICE_X5Y10          FDCE                                         r  DATAPATH/BCD_COUNTER/internal_counter_reg[3]/CE
  -------------------------------------------------------------------    -------------------

                         (clock sys_clk_pin rise edge)
                                                     10.000    10.000 r  
    W5                                                0.000    10.000 r  clk (IN)
                         net (fo=0)                   0.000    10.000    clk
    W5                   IBUF (Prop_ibuf_I_O)         1.388    11.388 r  clk_IBUF_inst/O
                         net (fo=1, routed)           1.862    13.250    clk_IBUF
    BUFGCTRL_X0Y0        BUFG (Prop_bufg_I_O)         0.091    13.341 r  clk_IBUF_BUFG_inst/O
                         net (fo=22, routed)          1.515    14.856    DATAPATH/BCD_COUNTER/CLK
    SLICE_X5Y10          FDCE                                         r  DATAPATH/BCD_COUNTER/internal_counter_reg[3]/C
                         clock pessimism              0.260    15.116    
                         clock uncertainty           -0.035    15.081    
    SLICE_X5Y10          FDCE (Setup_fdce_C_CE)      -0.409    14.672    DATAPATH/BCD_COUNTER/internal_counter_reg[3]
  -------------------------------------------------------------------
                         required time                         14.672    
                         arrival time                          -7.577    
  -------------------------------------------------------------------
                         slack                                  7.095    

Slack (MET) :             7.245ns  (required time - arrival time)
  Source:                 DATAPATH/REG2/internal_value_reg[1]/C
                            (rising edge-triggered cell FDCE clocked by sys_clk_pin  {rise@0.000ns fall@5.000ns period=10.000ns})
  Destination:            DATAPATH/REG3/internal_value_reg[0]/D
                            (rising edge-triggered cell FDCE clocked by sys_clk_pin  {rise@0.000ns fall@5.000ns period=10.000ns})
  Path Group:             sys_clk_pin
  Path Type:              Setup (Max at Slow Process Corner)
  Requirement:            10.000ns  (sys_clk_pin rise@10.000ns - sys_clk_pin rise@0.000ns)
  Data Path Delay:        2.726ns  (logic 1.002ns (36.760%)  route 1.724ns (63.240%))
  Logic Levels:           2  (LUT4=1 LUT6=1)
  Clock Path Skew:        -0.025ns (DCD - SCD + CPR)
    Destination Clock Delay (DCD):    4.855ns = ( 14.855 - 10.000 ) 
    Source Clock Delay      (SCD):    5.153ns
    Clock Pessimism Removal (CPR):    0.273ns
  Clock Uncertainty:      0.035ns  ((TSJ^2 + TIJ^2)^1/2 + DJ) / 2 + PE
    Total System Jitter     (TSJ):    0.071ns
    Total Input Jitter      (TIJ):    0.000ns
    Discrete Jitter          (DJ):    0.000ns
    Phase Error              (PE):    0.000ns

    Location             Delay type                Incr(ns)  Path(ns)    Netlist Resource(s)
  -------------------------------------------------------------------    -------------------
                         (clock sys_clk_pin rise edge)
                                                      0.000     0.000 r  
    W5                                                0.000     0.000 r  clk (IN)
                         net (fo=0)                   0.000     0.000    clk
    W5                   IBUF (Prop_ibuf_I_O)         1.458     1.458 r  clk_IBUF_inst/O
                         net (fo=1, routed)           1.967     3.425    clk_IBUF
    BUFGCTRL_X0Y0        BUFG (Prop_bufg_I_O)         0.096     3.521 r  clk_IBUF_BUFG_inst/O
                         net (fo=22, routed)          1.632     5.153    DATAPATH/REG2/CLK
    SLICE_X6Y11          FDCE                                         r  DATAPATH/REG2/internal_value_reg[1]/C
  -------------------------------------------------------------------    -------------------
    SLICE_X6Y11          FDCE (Prop_fdce_C_Q)         0.518     5.671 r  DATAPATH/REG2/internal_value_reg[1]/Q
                         net (fo=11, routed)          0.985     6.656    DATAPATH/REG2/internal_value_reg[2]_0[1]
    SLICE_X7Y12          LUT4 (Prop_lut4_I0_O)        0.152     6.808 r  DATAPATH/REG2/internal_value[0]_i_2/O
                         net (fo=2, routed)           0.739     7.547    DATAPATH/REG2/internal_value[0]_i_2_n_0
    SLICE_X5Y11          LUT6 (Prop_lut6_I1_O)        0.332     7.879 r  DATAPATH/REG2/internal_value[0]_i_1/O
                         net (fo=1, routed)           0.000     7.879    DATAPATH/REG3/D[0]
    SLICE_X5Y11          FDCE                                         r  DATAPATH/REG3/internal_value_reg[0]/D
  -------------------------------------------------------------------    -------------------

                         (clock sys_clk_pin rise edge)
                                                     10.000    10.000 r  
    W5                                                0.000    10.000 r  clk (IN)
                         net (fo=0)                   0.000    10.000    clk
    W5                   IBUF (Prop_ibuf_I_O)         1.388    11.388 r  clk_IBUF_inst/O
                         net (fo=1, routed)           1.862    13.250    clk_IBUF
    BUFGCTRL_X0Y0        BUFG (Prop_bufg_I_O)         0.091    13.341 r  clk_IBUF_BUFG_inst/O
                         net (fo=22, routed)          1.514    14.855    DATAPATH/REG3/CLK
    SLICE_X5Y11          FDCE                                         r  DATAPATH/REG3/internal_value_reg[0]/C
                         clock pessimism              0.273    15.128    
                         clock uncertainty           -0.035    15.093    
    SLICE_X5Y11          FDCE (Setup_fdce_C_D)        0.031    15.124    DATAPATH/REG3/internal_value_reg[0]
  -------------------------------------------------------------------
                         required time                         15.124    
                         arrival time                          -7.879    
  -------------------------------------------------------------------
                         slack                                  7.245    

Slack (MET) :             7.313ns  (required time - arrival time)
  Source:                 CONTROLLER/state_reg[3]/C
                            (rising edge-triggered cell FDCE clocked by sys_clk_pin  {rise@0.000ns fall@5.000ns period=10.000ns})
  Destination:            DATAPATH/REG3/internal_value_reg[3]/CE
                            (rising edge-triggered cell FDCE clocked by sys_clk_pin  {rise@0.000ns fall@5.000ns period=10.000ns})
  Path Group:             sys_clk_pin
  Path Type:              Setup (Max at Slow Process Corner)
  Requirement:            10.000ns  (sys_clk_pin rise@10.000ns - sys_clk_pin rise@0.000ns)
  Data Path Delay:        2.202ns  (logic 0.743ns (33.742%)  route 1.459ns (66.258%))
  Logic Levels:           1  (LUT4=1)
  Clock Path Skew:        -0.043ns (DCD - SCD + CPR)
    Destination Clock Delay (DCD):    4.854ns = ( 14.854 - 10.000 ) 
    Source Clock Delay      (SCD):    5.157ns
    Clock Pessimism Removal (CPR):    0.260ns
  Clock Uncertainty:      0.035ns  ((TSJ^2 + TIJ^2)^1/2 + DJ) / 2 + PE
    Total System Jitter     (TSJ):    0.071ns
    Total Input Jitter      (TIJ):    0.000ns
    Discrete Jitter          (DJ):    0.000ns
    Phase Error              (PE):    0.000ns

    Location             Delay type                Incr(ns)  Path(ns)    Netlist Resource(s)
  -------------------------------------------------------------------    -------------------
                         (clock sys_clk_pin rise edge)
                                                      0.000     0.000 r  
    W5                                                0.000     0.000 r  clk (IN)
                         net (fo=0)                   0.000     0.000    clk
    W5                   IBUF (Prop_ibuf_I_O)         1.458     1.458 r  clk_IBUF_inst/O
                         net (fo=1, routed)           1.967     3.425    clk_IBUF
    BUFGCTRL_X0Y0        BUFG (Prop_bufg_I_O)         0.096     3.521 r  clk_IBUF_BUFG_inst/O
                         net (fo=22, routed)          1.636     5.157    CONTROLLER/CLK
    SLICE_X3Y10          FDCE                                         r  CONTROLLER/state_reg[3]/C
  -------------------------------------------------------------------    -------------------
    SLICE_X3Y10          FDCE (Prop_fdce_C_Q)         0.419     5.576 r  CONTROLLER/state_reg[3]/Q
                         net (fo=17, routed)          0.745     6.322    CONTROLLER/Q[2]
    SLICE_X3Y10          LUT4 (Prop_lut4_I0_O)        0.324     6.646 r  CONTROLLER/internal_value[5]_i_1/O
                         net (fo=6, routed)           0.714     7.359    DATAPATH/REG3/ctrl[0]
    SLICE_X5Y12          FDCE                                         r  DATAPATH/REG3/internal_value_reg[3]/CE
  -------------------------------------------------------------------    -------------------

                         (clock sys_clk_pin rise edge)
                                                     10.000    10.000 r  
    W5                                                0.000    10.000 r  clk (IN)
                         net (fo=0)                   0.000    10.000    clk
    W5                   IBUF (Prop_ibuf_I_O)         1.388    11.388 r  clk_IBUF_inst/O
                         net (fo=1, routed)           1.862    13.250    clk_IBUF
    BUFGCTRL_X0Y0        BUFG (Prop_bufg_I_O)         0.091    13.341 r  clk_IBUF_BUFG_inst/O
                         net (fo=22, routed)          1.513    14.854    DATAPATH/REG3/CLK
    SLICE_X5Y12          FDCE                                         r  DATAPATH/REG3/internal_value_reg[3]/C
                         clock pessimism              0.260    15.114    
                         clock uncertainty           -0.035    15.079    
    SLICE_X5Y12          FDCE (Setup_fdce_C_CE)      -0.407    14.672    DATAPATH/REG3/internal_value_reg[3]
  -------------------------------------------------------------------
                         required time                         14.672    
                         arrival time                          -7.359    
  -------------------------------------------------------------------
                         slack                                  7.313    





Min Delay Paths
--------------------------------------------------------------------------------------
Slack (MET) :             0.206ns  (arrival time - required time)
  Source:                 DATAPATH/BCD_COUNTER/internal_counter_reg[0]/C
                            (rising edge-triggered cell FDCE clocked by sys_clk_pin  {rise@0.000ns fall@5.000ns period=10.000ns})
  Destination:            DATAPATH/REG1/internal_value_reg[0]/D
                            (rising edge-triggered cell FDCE clocked by sys_clk_pin  {rise@0.000ns fall@5.000ns period=10.000ns})
  Path Group:             sys_clk_pin
  Path Type:              Hold (Min at Fast Process Corner)
  Requirement:            0.000ns  (sys_clk_pin rise@0.000ns - sys_clk_pin rise@0.000ns)
  Data Path Delay:        0.292ns  (logic 0.141ns (48.283%)  route 0.151ns (51.717%))
  Logic Levels:           0  
  Clock Path Skew:        0.016ns (DCD - SCD - CPR)
    Destination Clock Delay (DCD):    1.989ns
    Source Clock Delay      (SCD):    1.474ns
    Clock Pessimism Removal (CPR):    0.499ns

    Location             Delay type                Incr(ns)  Path(ns)    Netlist Resource(s)
  -------------------------------------------------------------------    -------------------
                         (clock sys_clk_pin rise edge)
                                                      0.000     0.000 r  
    W5                                                0.000     0.000 r  clk (IN)
                         net (fo=0)                   0.000     0.000    clk
    W5                   IBUF (Prop_ibuf_I_O)         0.226     0.226 r  clk_IBUF_inst/O
                         net (fo=1, routed)           0.631     0.858    clk_IBUF
    BUFGCTRL_X0Y0        BUFG (Prop_bufg_I_O)         0.026     0.884 r  clk_IBUF_BUFG_inst/O
                         net (fo=22, routed)          0.591     1.474    DATAPATH/BCD_COUNTER/CLK
    SLICE_X5Y10          FDCE                                         r  DATAPATH/BCD_COUNTER/internal_counter_reg[0]/C
  -------------------------------------------------------------------    -------------------
    SLICE_X5Y10          FDCE (Prop_fdce_C_Q)         0.141     1.615 r  DATAPATH/BCD_COUNTER/internal_counter_reg[0]/Q
                         net (fo=7, routed)           0.151     1.766    DATAPATH/REG1/internal_value_reg[3]_0[0]
    SLICE_X4Y11          FDCE                                         r  DATAPATH/REG1/internal_value_reg[0]/D
  -------------------------------------------------------------------    -------------------

                         (clock sys_clk_pin rise edge)
                                                      0.000     0.000 r  
    W5                                                0.000     0.000 r  clk (IN)
                         net (fo=0)                   0.000     0.000    clk
    W5                   IBUF (Prop_ibuf_I_O)         0.414     0.414 r  clk_IBUF_inst/O
                         net (fo=1, routed)           0.685     1.099    clk_IBUF
    BUFGCTRL_X0Y0        BUFG (Prop_bufg_I_O)         0.029     1.128 r  clk_IBUF_BUFG_inst/O
                         net (fo=22, routed)          0.862     1.989    DATAPATH/REG1/CLK
    SLICE_X4Y11          FDCE                                         r  DATAPATH/REG1/internal_value_reg[0]/C
                         clock pessimism             -0.499     1.490    
    SLICE_X4Y11          FDCE (Hold_fdce_C_D)         0.070     1.560    DATAPATH/REG1/internal_value_reg[0]
  -------------------------------------------------------------------
                         required time                         -1.560    
                         arrival time                           1.766    
  -------------------------------------------------------------------
                         slack                                  0.206    

Slack (MET) :             0.210ns  (arrival time - required time)
  Source:                 DATAPATH/REG2/internal_value_reg[0]/C
                            (rising edge-triggered cell FDCE clocked by sys_clk_pin  {rise@0.000ns fall@5.000ns period=10.000ns})
  Destination:            DATAPATH/REG3/internal_value_reg[2]/D
                            (rising edge-triggered cell FDCE clocked by sys_clk_pin  {rise@0.000ns fall@5.000ns period=10.000ns})
  Path Group:             sys_clk_pin
  Path Type:              Hold (Min at Fast Process Corner)
  Requirement:            0.000ns  (sys_clk_pin rise@0.000ns - sys_clk_pin rise@0.000ns)
  Data Path Delay:        0.343ns  (logic 0.186ns (54.256%)  route 0.157ns (45.744%))
  Logic Levels:           1  (LUT6=1)
  Clock Path Skew:        0.013ns (DCD - SCD - CPR)
    Destination Clock Delay (DCD):    1.987ns
    Source Clock Delay      (SCD):    1.473ns
    Clock Pessimism Removal (CPR):    0.501ns

    Location             Delay type                Incr(ns)  Path(ns)    Netlist Resource(s)
  -------------------------------------------------------------------    -------------------
                         (clock sys_clk_pin rise edge)
                                                      0.000     0.000 r  
    W5                                                0.000     0.000 r  clk (IN)
                         net (fo=0)                   0.000     0.000    clk
    W5                   IBUF (Prop_ibuf_I_O)         0.226     0.226 r  clk_IBUF_inst/O
                         net (fo=1, routed)           0.631     0.858    clk_IBUF
    BUFGCTRL_X0Y0        BUFG (Prop_bufg_I_O)         0.026     0.884 r  clk_IBUF_BUFG_inst/O
                         net (fo=22, routed)          0.590     1.473    DATAPATH/REG2/CLK
    SLICE_X7Y12          FDCE                                         r  DATAPATH/REG2/internal_value_reg[0]/C
  -------------------------------------------------------------------    -------------------
    SLICE_X7Y12          FDCE (Prop_fdce_C_Q)         0.141     1.614 r  DATAPATH/REG2/internal_value_reg[0]/Q
                         net (fo=12, routed)          0.157     1.771    DATAPATH/REG2/internal_value_reg[2]_0[0]
    SLICE_X6Y12          LUT6 (Prop_lut6_I2_O)        0.045     1.816 r  DATAPATH/REG2/internal_value[2]_i_1/O
                         net (fo=1, routed)           0.000     1.816    DATAPATH/REG3/D[2]
    SLICE_X6Y12          FDCE                                         r  DATAPATH/REG3/internal_value_reg[2]/D
  -------------------------------------------------------------------    -------------------

                         (clock sys_clk_pin rise edge)
                                                      0.000     0.000 r  
    W5                                                0.000     0.000 r  clk (IN)
                         net (fo=0)                   0.000     0.000    clk
    W5                   IBUF (Prop_ibuf_I_O)         0.414     0.414 r  clk_IBUF_inst/O
                         net (fo=1, routed)           0.685     1.099    clk_IBUF
    BUFGCTRL_X0Y0        BUFG (Prop_bufg_I_O)         0.029     1.128 r  clk_IBUF_BUFG_inst/O
                         net (fo=22, routed)          0.860     1.987    DATAPATH/REG3/CLK
    SLICE_X6Y12          FDCE                                         r  DATAPATH/REG3/internal_value_reg[2]/C
                         clock pessimism             -0.501     1.486    
    SLICE_X6Y12          FDCE (Hold_fdce_C_D)         0.120     1.606    DATAPATH/REG3/internal_value_reg[2]
  -------------------------------------------------------------------
                         required time                         -1.606    
                         arrival time                           1.816    
  -------------------------------------------------------------------
                         slack                                  0.210    

Slack (MET) :             0.222ns  (arrival time - required time)
  Source:                 CONTROLLER/state_reg[0]/C
                            (rising edge-triggered cell FDCE clocked by sys_clk_pin  {rise@0.000ns fall@5.000ns period=10.000ns})
  Destination:            CONTROLLER/state_reg[3]/D
                            (rising edge-triggered cell FDCE clocked by sys_clk_pin  {rise@0.000ns fall@5.000ns period=10.000ns})
  Path Group:             sys_clk_pin
  Path Type:              Hold (Min at Fast Process Corner)
  Requirement:            0.000ns  (sys_clk_pin rise@0.000ns - sys_clk_pin rise@0.000ns)
  Data Path Delay:        0.342ns  (logic 0.213ns (62.363%)  route 0.129ns (37.637%))
  Logic Levels:           1  (LUT5=1)
  Clock Path Skew:        0.013ns (DCD - SCD - CPR)
    Destination Clock Delay (DCD):    1.991ns
    Source Clock Delay      (SCD):    1.476ns
    Clock Pessimism Removal (CPR):    0.502ns

    Location             Delay type                Incr(ns)  Path(ns)    Netlist Resource(s)
  -------------------------------------------------------------------    -------------------
                         (clock sys_clk_pin rise edge)
                                                      0.000     0.000 r  
    W5                                                0.000     0.000 r  clk (IN)
                         net (fo=0)                   0.000     0.000    clk
    W5                   IBUF (Prop_ibuf_I_O)         0.226     0.226 r  clk_IBUF_inst/O
                         net (fo=1, routed)           0.631     0.858    clk_IBUF
    BUFGCTRL_X0Y0        BUFG (Prop_bufg_I_O)         0.026     0.884 r  clk_IBUF_BUFG_inst/O
                         net (fo=22, routed)          0.593     1.476    CONTROLLER/CLK
    SLICE_X2Y10          FDCE                                         r  CONTROLLER/state_reg[0]/C
  -------------------------------------------------------------------    -------------------
    SLICE_X2Y10          FDCE (Prop_fdce_C_Q)         0.164     1.640 f  CONTROLLER/state_reg[0]/Q
                         net (fo=18, routed)          0.129     1.769    CONTROLLER/Q[0]
    SLICE_X3Y10          LUT5 (Prop_lut5_I1_O)        0.049     1.818 r  CONTROLLER/state[3]_i_1/O
                         net (fo=1, routed)           0.000     1.818    CONTROLLER/new_state[3]
    SLICE_X3Y10          FDCE                                         r  CONTROLLER/state_reg[3]/D
  -------------------------------------------------------------------    -------------------

                         (clock sys_clk_pin rise edge)
                                                      0.000     0.000 r  
    W5                                                0.000     0.000 r  clk (IN)
                         net (fo=0)                   0.000     0.000    clk
    W5                   IBUF (Prop_ibuf_I_O)         0.414     0.414 r  clk_IBUF_inst/O
                         net (fo=1, routed)           0.685     1.099    clk_IBUF
    BUFGCTRL_X0Y0        BUFG (Prop_bufg_I_O)         0.029     1.128 r  clk_IBUF_BUFG_inst/O
                         net (fo=22, routed)          0.864     1.991    CONTROLLER/CLK
    SLICE_X3Y10          FDCE                                         r  CONTROLLER/state_reg[3]/C
                         clock pessimism             -0.502     1.489    
    SLICE_X3Y10          FDCE (Hold_fdce_C_D)         0.107     1.596    CONTROLLER/state_reg[3]
  -------------------------------------------------------------------
                         required time                         -1.596    
                         arrival time                           1.818    
  -------------------------------------------------------------------
                         slack                                  0.222    

Slack (MET) :             0.230ns  (arrival time - required time)
  Source:                 DATAPATH/REG2/internal_value_reg[3]/C
                            (rising edge-triggered cell FDCE clocked by sys_clk_pin  {rise@0.000ns fall@5.000ns period=10.000ns})
  Destination:            DATAPATH/REG3/internal_value_reg[0]/D
                            (rising edge-triggered cell FDCE clocked by sys_clk_pin  {rise@0.000ns fall@5.000ns period=10.000ns})
  Path Group:             sys_clk_pin
  Path Type:              Hold (Min at Fast Process Corner)
  Requirement:            0.000ns  (sys_clk_pin rise@0.000ns - sys_clk_pin rise@0.000ns)
  Data Path Delay:        0.338ns  (logic 0.209ns (61.918%)  route 0.129ns (38.082%))
  Logic Levels:           1  (LUT6=1)
  Clock Path Skew:        0.016ns (DCD - SCD - CPR)
    Destination Clock Delay (DCD):    1.989ns
    Source Clock Delay      (SCD):    1.474ns
    Clock Pessimism Removal (CPR):    0.499ns

    Location             Delay type                Incr(ns)  Path(ns)    Netlist Resource(s)
  -------------------------------------------------------------------    -------------------
                         (clock sys_clk_pin rise edge)
                                                      0.000     0.000 r  
    W5                                                0.000     0.000 r  clk (IN)
                         net (fo=0)                   0.000     0.000    clk
    W5                   IBUF (Prop_ibuf_I_O)         0.226     0.226 r  clk_IBUF_inst/O
                         net (fo=1, routed)           0.631     0.858    clk_IBUF
    BUFGCTRL_X0Y0        BUFG (Prop_bufg_I_O)         0.026     0.884 r  clk_IBUF_BUFG_inst/O
                         net (fo=22, routed)          0.591     1.474    DATAPATH/REG2/CLK
    SLICE_X6Y11          FDCE                                         r  DATAPATH/REG2/internal_value_reg[3]/C
  -------------------------------------------------------------------    -------------------
    SLICE_X6Y11          FDCE (Prop_fdce_C_Q)         0.164     1.638 r  DATAPATH/REG2/internal_value_reg[3]/Q
                         net (fo=6, routed)           0.129     1.767    DATAPATH/REG2/internal_value_reg_n_0_[3]
    SLICE_X5Y11          LUT6 (Prop_lut6_I4_O)        0.045     1.812 r  DATAPATH/REG2/internal_value[0]_i_1/O
                         net (fo=1, routed)           0.000     1.812    DATAPATH/REG3/D[0]
    SLICE_X5Y11          FDCE                                         r  DATAPATH/REG3/internal_value_reg[0]/D
  -------------------------------------------------------------------    -------------------

                         (clock sys_clk_pin rise edge)
                                                      0.000     0.000 r  
    W5                                                0.000     0.000 r  clk (IN)
                         net (fo=0)                   0.000     0.000    clk
    W5                   IBUF (Prop_ibuf_I_O)         0.414     0.414 r  clk_IBUF_inst/O
                         net (fo=1, routed)           0.685     1.099    clk_IBUF
    BUFGCTRL_X0Y0        BUFG (Prop_bufg_I_O)         0.029     1.128 r  clk_IBUF_BUFG_inst/O
                         net (fo=22, routed)          0.862     1.989    DATAPATH/REG3/CLK
    SLICE_X5Y11          FDCE                                         r  DATAPATH/REG3/internal_value_reg[0]/C
                         clock pessimism             -0.499     1.490    
    SLICE_X5Y11          FDCE (Hold_fdce_C_D)         0.092     1.582    DATAPATH/REG3/internal_value_reg[0]
  -------------------------------------------------------------------
                         required time                         -1.582    
                         arrival time                           1.812    
  -------------------------------------------------------------------
                         slack                                  0.230    

Slack (MET) :             0.232ns  (arrival time - required time)
  Source:                 DATAPATH/REG2/internal_value_reg[3]/C
                            (rising edge-triggered cell FDCE clocked by sys_clk_pin  {rise@0.000ns fall@5.000ns period=10.000ns})
  Destination:            DATAPATH/REG3/internal_value_reg[4]/D
                            (rising edge-triggered cell FDCE clocked by sys_clk_pin  {rise@0.000ns fall@5.000ns period=10.000ns})
  Path Group:             sys_clk_pin
  Path Type:              Hold (Min at Fast Process Corner)
  Requirement:            0.000ns  (sys_clk_pin rise@0.000ns - sys_clk_pin rise@0.000ns)
  Data Path Delay:        0.339ns  (logic 0.209ns (61.735%)  route 0.130ns (38.265%))
  Logic Levels:           1  (LUT6=1)
  Clock Path Skew:        0.016ns (DCD - SCD - CPR)
    Destination Clock Delay (DCD):    1.989ns
    Source Clock Delay      (SCD):    1.474ns
    Clock Pessimism Removal (CPR):    0.499ns

    Location             Delay type                Incr(ns)  Path(ns)    Netlist Resource(s)
  -------------------------------------------------------------------    -------------------
                         (clock sys_clk_pin rise edge)
                                                      0.000     0.000 r  
    W5                                                0.000     0.000 r  clk (IN)
                         net (fo=0)                   0.000     0.000    clk
    W5                   IBUF (Prop_ibuf_I_O)         0.226     0.226 r  clk_IBUF_inst/O
                         net (fo=1, routed)           0.631     0.858    clk_IBUF
    BUFGCTRL_X0Y0        BUFG (Prop_bufg_I_O)         0.026     0.884 r  clk_IBUF_BUFG_inst/O
                         net (fo=22, routed)          0.591     1.474    DATAPATH/REG2/CLK
    SLICE_X6Y11          FDCE                                         r  DATAPATH/REG2/internal_value_reg[3]/C
  -------------------------------------------------------------------    -------------------
    SLICE_X6Y11          FDCE (Prop_fdce_C_Q)         0.164     1.638 r  DATAPATH/REG2/internal_value_reg[3]/Q
                         net (fo=6, routed)           0.130     1.768    DATAPATH/REG2/internal_value_reg_n_0_[3]
    SLICE_X5Y11          LUT6 (Prop_lut6_I5_O)        0.045     1.813 r  DATAPATH/REG2/internal_value[4]_i_1/O
                         net (fo=1, routed)           0.000     1.813    DATAPATH/REG3/D[4]
    SLICE_X5Y11          FDCE                                         r  DATAPATH/REG3/internal_value_reg[4]/D
  -------------------------------------------------------------------    -------------------

                         (clock sys_clk_pin rise edge)
                                                      0.000     0.000 r  
    W5                                                0.000     0.000 r  clk (IN)
                         net (fo=0)                   0.000     0.000    clk
    W5                   IBUF (Prop_ibuf_I_O)         0.414     0.414 r  clk_IBUF_inst/O
                         net (fo=1, routed)           0.685     1.099    clk_IBUF
    BUFGCTRL_X0Y0        BUFG (Prop_bufg_I_O)         0.029     1.128 r  clk_IBUF_BUFG_inst/O
                         net (fo=22, routed)          0.862     1.989    DATAPATH/REG3/CLK
    SLICE_X5Y11          FDCE                                         r  DATAPATH/REG3/internal_value_reg[4]/C
                         clock pessimism             -0.499     1.490    
    SLICE_X5Y11          FDCE (Hold_fdce_C_D)         0.091     1.581    DATAPATH/REG3/internal_value_reg[4]
  -------------------------------------------------------------------
                         required time                         -1.581    
                         arrival time                           1.813    
  -------------------------------------------------------------------
                         slack                                  0.232    

Slack (MET) :             0.233ns  (arrival time - required time)
  Source:                 CONTROLLER/state_reg[0]/C
                            (rising edge-triggered cell FDCE clocked by sys_clk_pin  {rise@0.000ns fall@5.000ns period=10.000ns})
  Destination:            CONTROLLER/state_reg[2]/D
                            (rising edge-triggered cell FDCE clocked by sys_clk_pin  {rise@0.000ns fall@5.000ns period=10.000ns})
  Path Group:             sys_clk_pin
  Path Type:              Hold (Min at Fast Process Corner)
  Requirement:            0.000ns  (sys_clk_pin rise@0.000ns - sys_clk_pin rise@0.000ns)
  Data Path Delay:        0.338ns  (logic 0.209ns (61.917%)  route 0.129ns (38.083%))
  Logic Levels:           1  (LUT5=1)
  Clock Path Skew:        0.013ns (DCD - SCD - CPR)
    Destination Clock Delay (DCD):    1.991ns
    Source Clock Delay      (SCD):    1.476ns
    Clock Pessimism Removal (CPR):    0.502ns

    Location             Delay type                Incr(ns)  Path(ns)    Netlist Resource(s)
  -------------------------------------------------------------------    -------------------
                         (clock sys_clk_pin rise edge)
                                                      0.000     0.000 r  
    W5                                                0.000     0.000 r  clk (IN)
                         net (fo=0)                   0.000     0.000    clk
    W5                   IBUF (Prop_ibuf_I_O)         0.226     0.226 r  clk_IBUF_inst/O
                         net (fo=1, routed)           0.631     0.858    clk_IBUF
    BUFGCTRL_X0Y0        BUFG (Prop_bufg_I_O)         0.026     0.884 r  clk_IBUF_BUFG_inst/O
                         net (fo=22, routed)          0.593     1.476    CONTROLLER/CLK
    SLICE_X2Y10          FDCE                                         r  CONTROLLER/state_reg[0]/C
  -------------------------------------------------------------------    -------------------
    SLICE_X2Y10          FDCE (Prop_fdce_C_Q)         0.164     1.640 r  CONTROLLER/state_reg[0]/Q
                         net (fo=18, routed)          0.129     1.769    CONTROLLER/Q[0]
    SLICE_X3Y10          LUT5 (Prop_lut5_I2_O)        0.045     1.814 r  CONTROLLER/state[2]_i_1/O
                         net (fo=1, routed)           0.000     1.814    CONTROLLER/new_state[2]
    SLICE_X3Y10          FDCE                                         r  CONTROLLER/state_reg[2]/D
  -------------------------------------------------------------------    -------------------

                         (clock sys_clk_pin rise edge)
                                                      0.000     0.000 r  
    W5                                                0.000     0.000 r  clk (IN)
                         net (fo=0)                   0.000     0.000    clk
    W5                   IBUF (Prop_ibuf_I_O)         0.414     0.414 r  clk_IBUF_inst/O
                         net (fo=1, routed)           0.685     1.099    clk_IBUF
    BUFGCTRL_X0Y0        BUFG (Prop_bufg_I_O)         0.029     1.128 r  clk_IBUF_BUFG_inst/O
                         net (fo=22, routed)          0.864     1.991    CONTROLLER/CLK
    SLICE_X3Y10          FDCE                                         r  CONTROLLER/state_reg[2]/C
                         clock pessimism             -0.502     1.489    
    SLICE_X3Y10          FDCE (Hold_fdce_C_D)         0.092     1.581    CONTROLLER/state_reg[2]
  -------------------------------------------------------------------
                         required time                         -1.581    
                         arrival time                           1.814    
  -------------------------------------------------------------------
                         slack                                  0.233    

Slack (MET) :             0.251ns  (arrival time - required time)
  Source:                 DATAPATH/BCD_COUNTER/internal_counter_reg[2]/C
                            (rising edge-triggered cell FDCE clocked by sys_clk_pin  {rise@0.000ns fall@5.000ns period=10.000ns})
  Destination:            DATAPATH/REG1/internal_value_reg[2]/D
                            (rising edge-triggered cell FDCE clocked by sys_clk_pin  {rise@0.000ns fall@5.000ns period=10.000ns})
  Path Group:             sys_clk_pin
  Path Type:              Hold (Min at Fast Process Corner)
  Requirement:            0.000ns  (sys_clk_pin rise@0.000ns - sys_clk_pin rise@0.000ns)
  Data Path Delay:        0.337ns  (logic 0.141ns (41.844%)  route 0.196ns (58.156%))
  Logic Levels:           0  
  Clock Path Skew:        0.016ns (DCD - SCD - CPR)
    Destination Clock Delay (DCD):    1.989ns
    Source Clock Delay      (SCD):    1.474ns
    Clock Pessimism Removal (CPR):    0.499ns

    Location             Delay type                Incr(ns)  Path(ns)    Netlist Resource(s)
  -------------------------------------------------------------------    -------------------
                         (clock sys_clk_pin rise edge)
                                                      0.000     0.000 r  
    W5                                                0.000     0.000 r  clk (IN)
                         net (fo=0)                   0.000     0.000    clk
    W5                   IBUF (Prop_ibuf_I_O)         0.226     0.226 r  clk_IBUF_inst/O
                         net (fo=1, routed)           0.631     0.858    clk_IBUF
    BUFGCTRL_X0Y0        BUFG (Prop_bufg_I_O)         0.026     0.884 r  clk_IBUF_BUFG_inst/O
                         net (fo=22, routed)          0.591     1.474    DATAPATH/BCD_COUNTER/CLK
    SLICE_X5Y10          FDCE                                         r  DATAPATH/BCD_COUNTER/internal_counter_reg[2]/C
  -------------------------------------------------------------------    -------------------
    SLICE_X5Y10          FDCE (Prop_fdce_C_Q)         0.141     1.615 r  DATAPATH/BCD_COUNTER/internal_counter_reg[2]/Q
                         net (fo=6, routed)           0.196     1.811    DATAPATH/REG1/internal_value_reg[3]_0[2]
    SLICE_X4Y11          FDCE                                         r  DATAPATH/REG1/internal_value_reg[2]/D
  -------------------------------------------------------------------    -------------------

                         (clock sys_clk_pin rise edge)
                                                      0.000     0.000 r  
    W5                                                0.000     0.000 r  clk (IN)
                         net (fo=0)                   0.000     0.000    clk
    W5                   IBUF (Prop_ibuf_I_O)         0.414     0.414 r  clk_IBUF_inst/O
                         net (fo=1, routed)           0.685     1.099    clk_IBUF
    BUFGCTRL_X0Y0        BUFG (Prop_bufg_I_O)         0.029     1.128 r  clk_IBUF_BUFG_inst/O
                         net (fo=22, routed)          0.862     1.989    DATAPATH/REG1/CLK
    SLICE_X4Y11          FDCE                                         r  DATAPATH/REG1/internal_value_reg[2]/C
                         clock pessimism             -0.499     1.490    
    SLICE_X4Y11          FDCE (Hold_fdce_C_D)         0.070     1.560    DATAPATH/REG1/internal_value_reg[2]
  -------------------------------------------------------------------
                         required time                         -1.560    
                         arrival time                           1.811    
  -------------------------------------------------------------------
                         slack                                  0.251    

Slack (MET) :             0.254ns  (arrival time - required time)
  Source:                 DATAPATH/BCD_COUNTER/internal_counter_reg[0]/C
                            (rising edge-triggered cell FDCE clocked by sys_clk_pin  {rise@0.000ns fall@5.000ns period=10.000ns})
  Destination:            DATAPATH/REG2/internal_value_reg[0]/D
                            (rising edge-triggered cell FDCE clocked by sys_clk_pin  {rise@0.000ns fall@5.000ns period=10.000ns})
  Path Group:             sys_clk_pin
  Path Type:              Hold (Min at Fast Process Corner)
  Requirement:            0.000ns  (sys_clk_pin rise@0.000ns - sys_clk_pin rise@0.000ns)
  Data Path Delay:        0.338ns  (logic 0.141ns (41.674%)  route 0.197ns (58.326%))
  Logic Levels:           0  
  Clock Path Skew:        0.014ns (DCD - SCD - CPR)
    Destination Clock Delay (DCD):    1.987ns
    Source Clock Delay      (SCD):    1.474ns
    Clock Pessimism Removal (CPR):    0.499ns

    Location             Delay type                Incr(ns)  Path(ns)    Netlist Resource(s)
  -------------------------------------------------------------------    -------------------
                         (clock sys_clk_pin rise edge)
                                                      0.000     0.000 r  
    W5                                                0.000     0.000 r  clk (IN)
                         net (fo=0)                   0.000     0.000    clk
    W5                   IBUF (Prop_ibuf_I_O)         0.226     0.226 r  clk_IBUF_inst/O
                         net (fo=1, routed)           0.631     0.858    clk_IBUF
    BUFGCTRL_X0Y0        BUFG (Prop_bufg_I_O)         0.026     0.884 r  clk_IBUF_BUFG_inst/O
                         net (fo=22, routed)          0.591     1.474    DATAPATH/BCD_COUNTER/CLK
    SLICE_X5Y10          FDCE                                         r  DATAPATH/BCD_COUNTER/internal_counter_reg[0]/C
  -------------------------------------------------------------------    -------------------
    SLICE_X5Y10          FDCE (Prop_fdce_C_Q)         0.141     1.615 r  DATAPATH/BCD_COUNTER/internal_counter_reg[0]/Q
                         net (fo=7, routed)           0.197     1.812    DATAPATH/REG2/internal_value_reg[3]_1[0]
    SLICE_X7Y12          FDCE                                         r  DATAPATH/REG2/internal_value_reg[0]/D
  -------------------------------------------------------------------    -------------------

                         (clock sys_clk_pin rise edge)
                                                      0.000     0.000 r  
    W5                                                0.000     0.000 r  clk (IN)
                         net (fo=0)                   0.000     0.000    clk
    W5                   IBUF (Prop_ibuf_I_O)         0.414     0.414 r  clk_IBUF_inst/O
                         net (fo=1, routed)           0.685     1.099    clk_IBUF
    BUFGCTRL_X0Y0        BUFG (Prop_bufg_I_O)         0.029     1.128 r  clk_IBUF_BUFG_inst/O
                         net (fo=22, routed)          0.860     1.987    DATAPATH/REG2/CLK
    SLICE_X7Y12          FDCE                                         r  DATAPATH/REG2/internal_value_reg[0]/C
                         clock pessimism             -0.499     1.488    
    SLICE_X7Y12          FDCE (Hold_fdce_C_D)         0.070     1.558    DATAPATH/REG2/internal_value_reg[0]
  -------------------------------------------------------------------
                         required time                         -1.558    
                         arrival time                           1.812    
  -------------------------------------------------------------------
                         slack                                  0.254    

Slack (MET) :             0.259ns  (arrival time - required time)
  Source:                 DATAPATH/BCD_COUNTER/internal_counter_reg[0]/C
                            (rising edge-triggered cell FDCE clocked by sys_clk_pin  {rise@0.000ns fall@5.000ns period=10.000ns})
  Destination:            DATAPATH/BCD_COUNTER/internal_counter_reg[3]/D
                            (rising edge-triggered cell FDCE clocked by sys_clk_pin  {rise@0.000ns fall@5.000ns period=10.000ns})
  Path Group:             sys_clk_pin
  Path Type:              Hold (Min at Fast Process Corner)
  Requirement:            0.000ns  (sys_clk_pin rise@0.000ns - sys_clk_pin rise@0.000ns)
  Data Path Delay:        0.366ns  (logic 0.184ns (50.222%)  route 0.182ns (49.778%))
  Logic Levels:           1  (LUT5=1)
  Clock Path Skew:        0.000ns (DCD - SCD - CPR)
    Destination Clock Delay (DCD):    1.989ns
    Source Clock Delay      (SCD):    1.474ns
    Clock Pessimism Removal (CPR):    0.515ns

    Location             Delay type                Incr(ns)  Path(ns)    Netlist Resource(s)
  -------------------------------------------------------------------    -------------------
                         (clock sys_clk_pin rise edge)
                                                      0.000     0.000 r  
    W5                                                0.000     0.000 r  clk (IN)
                         net (fo=0)                   0.000     0.000    clk
    W5                   IBUF (Prop_ibuf_I_O)         0.226     0.226 r  clk_IBUF_inst/O
                         net (fo=1, routed)           0.631     0.858    clk_IBUF
    BUFGCTRL_X0Y0        BUFG (Prop_bufg_I_O)         0.026     0.884 r  clk_IBUF_BUFG_inst/O
                         net (fo=22, routed)          0.591     1.474    DATAPATH/BCD_COUNTER/CLK
    SLICE_X5Y10          FDCE                                         r  DATAPATH/BCD_COUNTER/internal_counter_reg[0]/C
  -------------------------------------------------------------------    -------------------
    SLICE_X5Y10          FDCE (Prop_fdce_C_Q)         0.141     1.615 r  DATAPATH/BCD_COUNTER/internal_counter_reg[0]/Q
                         net (fo=7, routed)           0.182     1.798    DATAPATH/BCD_COUNTER/Q[0]
    SLICE_X5Y10          LUT5 (Prop_lut5_I3_O)        0.043     1.841 r  DATAPATH/BCD_COUNTER/internal_counter[3]_i_2/O
                         net (fo=1, routed)           0.000     1.841    DATAPATH/BCD_COUNTER/internal_counter[3]_i_2_n_0
    SLICE_X5Y10          FDCE                                         r  DATAPATH/BCD_COUNTER/internal_counter_reg[3]/D
  -------------------------------------------------------------------    -------------------

                         (clock sys_clk_pin rise edge)
                                                      0.000     0.000 r  
    W5                                                0.000     0.000 r  clk (IN)
                         net (fo=0)                   0.000     0.000    clk
    W5                   IBUF (Prop_ibuf_I_O)         0.414     0.414 r  clk_IBUF_inst/O
                         net (fo=1, routed)           0.685     1.099    clk_IBUF
    BUFGCTRL_X0Y0        BUFG (Prop_bufg_I_O)         0.029     1.128 r  clk_IBUF_BUFG_inst/O
                         net (fo=22, routed)          0.862     1.989    DATAPATH/BCD_COUNTER/CLK
    SLICE_X5Y10          FDCE                                         r  DATAPATH/BCD_COUNTER/internal_counter_reg[3]/C
                         clock pessimism             -0.515     1.474    
    SLICE_X5Y10          FDCE (Hold_fdce_C_D)         0.107     1.581    DATAPATH/BCD_COUNTER/internal_counter_reg[3]
  -------------------------------------------------------------------
                         required time                         -1.581    
                         arrival time                           1.841    
  -------------------------------------------------------------------
                         slack                                  0.259    

Slack (MET) :             0.259ns  (arrival time - required time)
  Source:                 DATAPATH/BCD_COUNTER/internal_counter_reg[1]/C
                            (rising edge-triggered cell FDCE clocked by sys_clk_pin  {rise@0.000ns fall@5.000ns period=10.000ns})
  Destination:            DATAPATH/REG1/internal_value_reg[1]/D
                            (rising edge-triggered cell FDCE clocked by sys_clk_pin  {rise@0.000ns fall@5.000ns period=10.000ns})
  Path Group:             sys_clk_pin
  Path Type:              Hold (Min at Fast Process Corner)
  Requirement:            0.000ns  (sys_clk_pin rise@0.000ns - sys_clk_pin rise@0.000ns)
  Data Path Delay:        0.287ns  (logic 0.128ns (44.535%)  route 0.159ns (55.465%))
  Logic Levels:           0  
  Clock Path Skew:        0.016ns (DCD - SCD - CPR)
    Destination Clock Delay (DCD):    1.989ns
    Source Clock Delay      (SCD):    1.474ns
    Clock Pessimism Removal (CPR):    0.499ns

    Location             Delay type                Incr(ns)  Path(ns)    Netlist Resource(s)
  -------------------------------------------------------------------    -------------------
                         (clock sys_clk_pin rise edge)
                                                      0.000     0.000 r  
    W5                                                0.000     0.000 r  clk (IN)
                         net (fo=0)                   0.000     0.000    clk
    W5                   IBUF (Prop_ibuf_I_O)         0.226     0.226 r  clk_IBUF_inst/O
                         net (fo=1, routed)           0.631     0.858    clk_IBUF
    BUFGCTRL_X0Y0        BUFG (Prop_bufg_I_O)         0.026     0.884 r  clk_IBUF_BUFG_inst/O
                         net (fo=22, routed)          0.591     1.474    DATAPATH/BCD_COUNTER/CLK
    SLICE_X5Y10          FDCE                                         r  DATAPATH/BCD_COUNTER/internal_counter_reg[1]/C
  -------------------------------------------------------------------    -------------------
    SLICE_X5Y10          FDCE (Prop_fdce_C_Q)         0.128     1.602 r  DATAPATH/BCD_COUNTER/internal_counter_reg[1]/Q
                         net (fo=6, routed)           0.159     1.762    DATAPATH/REG1/internal_value_reg[3]_0[1]
    SLICE_X4Y11          FDCE                                         r  DATAPATH/REG1/internal_value_reg[1]/D
  -------------------------------------------------------------------    -------------------

                         (clock sys_clk_pin rise edge)
                                                      0.000     0.000 r  
    W5                                                0.000     0.000 r  clk (IN)
                         net (fo=0)                   0.000     0.000    clk
    W5                   IBUF (Prop_ibuf_I_O)         0.414     0.414 r  clk_IBUF_inst/O
                         net (fo=1, routed)           0.685     1.099    clk_IBUF
    BUFGCTRL_X0Y0        BUFG (Prop_bufg_I_O)         0.029     1.128 r  clk_IBUF_BUFG_inst/O
                         net (fo=22, routed)          0.862     1.989    DATAPATH/REG1/CLK
    SLICE_X4Y11          FDCE                                         r  DATAPATH/REG1/internal_value_reg[1]/C
                         clock pessimism             -0.499     1.490    
    SLICE_X4Y11          FDCE (Hold_fdce_C_D)         0.012     1.502    DATAPATH/REG1/internal_value_reg[1]
  -------------------------------------------------------------------
                         required time                         -1.502    
                         arrival time                           1.762    
  -------------------------------------------------------------------
                         slack                                  0.259    





Pulse Width Checks
--------------------------------------------------------------------------------------
Clock Name:         sys_clk_pin
Waveform(ns):       { 0.000 5.000 }
Period(ns):         10.000
Sources:            { clk }

Check Type        Corner  Lib Pin  Reference Pin  Required(ns)  Actual(ns)  Slack(ns)  Location       Pin
Min Period        n/a     BUFG/I   n/a            2.155         10.000      7.845      BUFGCTRL_X0Y0  clk_IBUF_BUFG_inst/I
Min Period        n/a     FDCE/C   n/a            1.000         10.000      9.000      SLICE_X2Y10    CONTROLLER/state_reg[0]/C
Min Period        n/a     FDCE/C   n/a            1.000         10.000      9.000      SLICE_X2Y10    CONTROLLER/state_reg[1]/C
Min Period        n/a     FDCE/C   n/a            1.000         10.000      9.000      SLICE_X3Y10    CONTROLLER/state_reg[2]/C
Min Period        n/a     FDCE/C   n/a            1.000         10.000      9.000      SLICE_X3Y10    CONTROLLER/state_reg[3]/C
Min Period        n/a     FDCE/C   n/a            1.000         10.000      9.000      SLICE_X5Y10    DATAPATH/BCD_COUNTER/internal_counter_reg[0]/C
Min Period        n/a     FDCE/C   n/a            1.000         10.000      9.000      SLICE_X5Y10    DATAPATH/BCD_COUNTER/internal_counter_reg[1]/C
Min Period        n/a     FDCE/C   n/a            1.000         10.000      9.000      SLICE_X5Y10    DATAPATH/BCD_COUNTER/internal_counter_reg[2]/C
Min Period        n/a     FDCE/C   n/a            1.000         10.000      9.000      SLICE_X5Y10    DATAPATH/BCD_COUNTER/internal_counter_reg[3]/C
Min Period        n/a     FDCE/C   n/a            1.000         10.000      9.000      SLICE_X4Y11    DATAPATH/REG1/internal_value_reg[0]/C
Low Pulse Width   Fast    FDCE/C   n/a            0.500         5.000       4.500      SLICE_X2Y10    CONTROLLER/state_reg[0]/C
Low Pulse Width   Fast    FDCE/C   n/a            0.500         5.000       4.500      SLICE_X2Y10    CONTROLLER/state_reg[1]/C
Low Pulse Width   Fast    FDCE/C   n/a            0.500         5.000       4.500      SLICE_X3Y10    CONTROLLER/state_reg[2]/C
Low Pulse Width   Fast    FDCE/C   n/a            0.500         5.000       4.500      SLICE_X3Y10    CONTROLLER/state_reg[3]/C
Low Pulse Width   Fast    FDCE/C   n/a            0.500         5.000       4.500      SLICE_X5Y10    DATAPATH/BCD_COUNTER/internal_counter_reg[0]/C
Low Pulse Width   Fast    FDCE/C   n/a            0.500         5.000       4.500      SLICE_X5Y10    DATAPATH/BCD_COUNTER/internal_counter_reg[1]/C
Low Pulse Width   Fast    FDCE/C   n/a            0.500         5.000       4.500      SLICE_X5Y10    DATAPATH/BCD_COUNTER/internal_counter_reg[2]/C
Low Pulse Width   Fast    FDCE/C   n/a            0.500         5.000       4.500      SLICE_X5Y10    DATAPATH/BCD_COUNTER/internal_counter_reg[3]/C
Low Pulse Width   Fast    FDCE/C   n/a            0.500         5.000       4.500      SLICE_X4Y11    DATAPATH/REG1/internal_value_reg[0]/C
Low Pulse Width   Fast    FDCE/C   n/a            0.500         5.000       4.500      SLICE_X4Y11    DATAPATH/REG1/internal_value_reg[1]/C
High Pulse Width  Slow    FDCE/C   n/a            0.500         5.000       4.500      SLICE_X5Y10    DATAPATH/BCD_COUNTER/internal_counter_reg[0]/C
High Pulse Width  Fast    FDCE/C   n/a            0.500         5.000       4.500      SLICE_X5Y10    DATAPATH/BCD_COUNTER/internal_counter_reg[0]/C
High Pulse Width  Slow    FDCE/C   n/a            0.500         5.000       4.500      SLICE_X5Y10    DATAPATH/BCD_COUNTER/internal_counter_reg[1]/C
High Pulse Width  Fast    FDCE/C   n/a            0.500         5.000       4.500      SLICE_X5Y10    DATAPATH/BCD_COUNTER/internal_counter_reg[1]/C
High Pulse Width  Slow    FDCE/C   n/a            0.500         5.000       4.500      SLICE_X5Y10    DATAPATH/BCD_COUNTER/internal_counter_reg[2]/C
High Pulse Width  Fast    FDCE/C   n/a            0.500         5.000       4.500      SLICE_X5Y10    DATAPATH/BCD_COUNTER/internal_counter_reg[2]/C
High Pulse Width  Slow    FDCE/C   n/a            0.500         5.000       4.500      SLICE_X5Y10    DATAPATH/BCD_COUNTER/internal_counter_reg[3]/C
High Pulse Width  Fast    FDCE/C   n/a            0.500         5.000       4.500      SLICE_X5Y10    DATAPATH/BCD_COUNTER/internal_counter_reg[3]/C
High Pulse Width  Slow    FDCE/C   n/a            0.500         5.000       4.500      SLICE_X4Y11    DATAPATH/REG1/internal_value_reg[0]/C
High Pulse Width  Fast    FDCE/C   n/a            0.500         5.000       4.500      SLICE_X4Y11    DATAPATH/REG1/internal_value_reg[0]/C



